<?xml version="1.0" encoding="UTF-8"?>
<!-- Generated by org.testng.reporters.JUnitReportReporter -->
<testsuite skipped="0" hostname="DESKTOP-8MDILRI" name="com.emobility.testcases.LoginToPortal" tests="2" failures="0" timestamp="2020-03-01T00:51:07 IST" time="14.681" errors="0">
  <testcase name="appLogin" time="4.874" classname="com.emobility.testcases.LoginToPortal"/>
  <testcase name="homePaage" time="9.807" classname="com.emobility.testcases.LoginToPortal"/>
</testsuite> <!-- com.emobility.testcases.LoginToPortal -->
