<?xml version="1.0" encoding="UTF-8"?>
<!-- Generated by org.testng.reporters.JUnitReportReporter -->
<testsuite skipped="0" hostname="DESKTOP-8MDILRI" name="com.emobility.testcases.LoginToPortal" tests="2" failures="0" timestamp="05 Mar 2020 18:18:06 GMT" time="119.576" errors="0">
  <testcase name="appLogin" time="5.325" classname="com.emobility.testcases.LoginToPortal"/>
  <testcase name="homePaage" time="114.251" classname="com.emobility.testcases.LoginToPortal"/>
</testsuite> <!-- com.emobility.testcases.LoginToPortal -->
