<?xml version="1.0" encoding="UTF-8"?>
<!-- Generated by org.testng.reporters.JUnitReportReporter -->
<testsuite skipped="0" hostname="DESKTOP-8MDILRI" name="com.emobility.testcases.LoginToPortal" tests="4" failures="0" timestamp="13 Mar 2020 08:22:08 GMT" time="11.791" errors="0">
  <testcase name="appLogin" time="4.301" classname="com.emobility.testcases.LoginToPortal"/>
  <testcase name="homePaage" time="6.159" classname="com.emobility.testcases.LoginToPortal"/>
  <testcase name="createNewCustomer" time="1.147" classname="com.emobility.testcases.LoginToPortal"/>
  <testcase name="search_Add_CustomerPage" time="0.184" classname="com.emobility.testcases.LoginToPortal"/>
</testsuite> <!-- com.emobility.testcases.LoginToPortal -->
